This file contains any messages produced by compilers while
running configure, to aid debugging if configure makes a mistake.

It was created by configure, which was
generated by GNU Autoconf 2.69.  Invocation command line was

  $ ./configure 

## --------- ##
## Platform. ##
## --------- ##

hostname = pop-rocks
uname -m = x86_64
uname -r = 3.13.0-100-generic
uname -s = Linux
uname -v = #147-Ubuntu SMP Tue Oct 18 16:48:51 UTC 2016

/usr/bin/uname -p = unknown
/bin/uname -X     = unknown

/bin/arch              = unknown
/usr/bin/arch -k       = unknown
/usr/convex/getsysinfo = unknown
/usr/bin/hostinfo      = unknown
/bin/machine           = unknown
/usr/bin/oslevel       = unknown
/bin/universe          = unknown

PATH: /lusr/opt/pintos/
PATH: /lusr/opt/bochs-2.2.6-pintos/bin/
PATH: /lusr/opt/qemu-1.1.1/
PATH: /lusr/bin
PATH: /sbin
PATH: /bin
PATH: /usr/sbin
PATH: /usr/bin
PATH: /usr/games
PATH: /usr/bin/mh
PATH: /lusr/share/hosts
PATH: /lusr/bin/tex
PATH: /lusr/games/bin
PATH: /lusr/opt/condor/bin
PATH: .


## ----------- ##
## Core tests. ##
## ----------- ##

configure:2344: checking for a BSD-compatible install
configure:2412: result: /usr/bin/install -c
configure:2423: checking whether build environment is sane
configure:2478: result: yes
configure:2629: checking for a thread-safe mkdir -p
configure:2668: result: /bin/mkdir -p
configure:2675: checking for gawk
configure:2691: found /usr/bin/gawk
configure:2702: result: gawk
configure:2713: checking whether make sets $(MAKE)
configure:2735: result: yes
configure:2764: checking whether make supports nested variables
configure:2781: result: yes
configure:2974: checking for g++
configure:2990: found /usr/bin/g++
configure:3001: result: g++
configure:3028: checking for C++ compiler version
configure:3037: g++ --version >&5
g++ (Ubuntu 4.8.4-2ubuntu1~14.04.3) 4.8.4
Copyright (C) 2013 Free Software Foundation, Inc.
This is free software; see the source for copying conditions.  There is NO
warranty; not even for MERCHANTABILITY or FITNESS FOR A PARTICULAR PURPOSE.

configure:3048: $? = 0
configure:3037: g++ -v >&5
Using built-in specs.
COLLECT_GCC=g++
COLLECT_LTO_WRAPPER=/usr/lib/gcc/x86_64-linux-gnu/4.8/lto-wrapper
Target: x86_64-linux-gnu
Configured with: ../src/configure -v --with-pkgversion='Ubuntu 4.8.4-2ubuntu1~14.04.3' --with-bugurl=file:///usr/share/doc/gcc-4.8/README.Bugs --enable-languages=c,c++,java,go,d,fortran,objc,obj-c++ --prefix=/usr --program-suffix=-4.8 --enable-shared --enable-linker-build-id --libexecdir=/usr/lib --without-included-gettext --enable-threads=posix --with-gxx-include-dir=/usr/include/c++/4.8 --libdir=/usr/lib --enable-nls --with-sysroot=/ --enable-clocale=gnu --enable-libstdcxx-debug --enable-libstdcxx-time=yes --enable-gnu-unique-object --disable-libmudflap --enable-plugin --with-system-zlib --disable-browser-plugin --enable-java-awt=gtk --enable-gtk-cairo --with-java-home=/usr/lib/jvm/java-1.5.0-gcj-4.8-amd64/jre --enable-java-home --with-jvm-root-dir=/usr/lib/jvm/java-1.5.0-gcj-4.8-amd64 --with-jvm-jar-dir=/usr/lib/jvm-exports/java-1.5.0-gcj-4.8-amd64 --with-arch-directory=amd64 --with-ecj-jar=/usr/share/java/eclipse-ecj.jar --enable-objc-gc --enable-multiarch --disable-werror --with-arch-32=i686 --with-abi=m64 --with-multilib-list=m32,m64,mx32 --with-tune=generic --enable-checking=release --build=x86_64-linux-gnu --host=x86_64-linux-gnu --target=x86_64-linux-gnu
Thread model: posix
gcc version 4.8.4 (Ubuntu 4.8.4-2ubuntu1~14.04.3) 
configure:3048: $? = 0
configure:3037: g++ -V >&5
g++: error: unrecognized command line option '-V'
g++: fatal error: no input files
compilation terminated.
configure:3048: $? = 4
configure:3037: g++ -qversion >&5
g++: error: unrecognized command line option '-qversion'
g++: fatal error: no input files
compilation terminated.
configure:3048: $? = 4
configure:3068: checking whether the C++ compiler works
configure:3090: g++    conftest.cpp  >&5
configure:3094: $? = 0
configure:3142: result: yes
configure:3145: checking for C++ compiler default output file name
configure:3147: result: a.out
configure:3153: checking for suffix of executables
configure:3160: g++ -o conftest    conftest.cpp  >&5
configure:3164: $? = 0
configure:3186: result: 
configure:3208: checking whether we are cross compiling
configure:3216: g++ -o conftest    conftest.cpp  >&5
configure:3220: $? = 0
configure:3227: ./conftest
configure:3231: $? = 0
configure:3246: result: no
configure:3251: checking for suffix of object files
configure:3273: g++ -c   conftest.cpp >&5
configure:3277: $? = 0
configure:3298: result: o
configure:3302: checking whether we are using the GNU C++ compiler
configure:3321: g++ -c   conftest.cpp >&5
configure:3321: $? = 0
configure:3330: result: yes
configure:3339: checking whether g++ accepts -g
configure:3359: g++ -c -g  conftest.cpp >&5
configure:3359: $? = 0
configure:3400: result: yes
configure:3434: checking for style of include used by make
configure:3462: result: GNU
configure:3488: checking dependency style of g++
configure:3599: result: gcc3
configure:3643: checking build system type
configure:3657: result: x86_64-unknown-linux-gnu
configure:3677: checking host system type
configure:3690: result: x86_64-unknown-linux-gnu
configure:3731: checking how to print strings
configure:3758: result: printf
configure:3827: checking for gcc
configure:3843: found /usr/bin/gcc
configure:3854: result: gcc
configure:4083: checking for C compiler version
configure:4092: gcc --version >&5
gcc (Ubuntu 4.8.4-2ubuntu1~14.04.3) 4.8.4
Copyright (C) 2013 Free Software Foundation, Inc.
This is free software; see the source for copying conditions.  There is NO
warranty; not even for MERCHANTABILITY or FITNESS FOR A PARTICULAR PURPOSE.

configure:4103: $? = 0
configure:4092: gcc -v >&5
Using built-in specs.
COLLECT_GCC=gcc
COLLECT_LTO_WRAPPER=/usr/lib/gcc/x86_64-linux-gnu/4.8/lto-wrapper
Target: x86_64-linux-gnu
Configured with: ../src/configure -v --with-pkgversion='Ubuntu 4.8.4-2ubuntu1~14.04.3' --with-bugurl=file:///usr/share/doc/gcc-4.8/README.Bugs --enable-languages=c,c++,java,go,d,fortran,objc,obj-c++ --prefix=/usr --program-suffix=-4.8 --enable-shared --enable-linker-build-id --libexecdir=/usr/lib --without-included-gettext --enable-threads=posix --with-gxx-include-dir=/usr/include/c++/4.8 --libdir=/usr/lib --enable-nls --with-sysroot=/ --enable-clocale=gnu --enable-libstdcxx-debug --enable-libstdcxx-time=yes --enable-gnu-unique-object --disable-libmudflap --enable-plugin --with-system-zlib --disable-browser-plugin --enable-java-awt=gtk --enable-gtk-cairo --with-java-home=/usr/lib/jvm/java-1.5.0-gcj-4.8-amd64/jre --enable-java-home --with-jvm-root-dir=/usr/lib/jvm/java-1.5.0-gcj-4.8-amd64 --with-jvm-jar-dir=/usr/lib/jvm-exports/java-1.5.0-gcj-4.8-amd64 --with-arch-directory=amd64 --with-ecj-jar=/usr/share/java/eclipse-ecj.jar --enable-objc-gc --enable-multiarch --disable-werror --with-arch-32=i686 --with-abi=m64 --with-multilib-list=m32,m64,mx32 --with-tune=generic --enable-checking=release --build=x86_64-linux-gnu --host=x86_64-linux-gnu --target=x86_64-linux-gnu
Thread model: posix
gcc version 4.8.4 (Ubuntu 4.8.4-2ubuntu1~14.04.3) 
configure:4103: $? = 0
configure:4092: gcc -V >&5
gcc: error: unrecognized command line option '-V'
gcc: fatal error: no input files
compilation terminated.
configure:4103: $? = 4
configure:4092: gcc -qversion >&5
gcc: error: unrecognized command line option '-qversion'
gcc: fatal error: no input files
compilation terminated.
configure:4103: $? = 4
configure:4107: checking whether we are using the GNU C compiler
configure:4126: gcc -c   conftest.c >&5
configure:4126: $? = 0
configure:4135: result: yes
configure:4144: checking whether gcc accepts -g
configure:4164: gcc -c -g  conftest.c >&5
configure:4164: $? = 0
configure:4205: result: yes
configure:4222: checking for gcc option to accept ISO C89
configure:4285: gcc  -c -g -O2  conftest.c >&5
configure:4285: $? = 0
configure:4298: result: none needed
configure:4323: checking whether gcc understands -c and -o together
configure:4345: gcc -c conftest.c -o conftest2.o
configure:4348: $? = 0
configure:4345: gcc -c conftest.c -o conftest2.o
configure:4348: $? = 0
configure:4360: result: yes
configure:4379: checking dependency style of gcc
configure:4490: result: gcc3
configure:4505: checking for a sed that does not truncate output
configure:4569: result: /bin/sed
configure:4587: checking for grep that handles long lines and -e
configure:4645: result: /bin/grep
configure:4650: checking for egrep
configure:4712: result: /bin/grep -E
configure:4717: checking for fgrep
configure:4779: result: /bin/grep -F
configure:4814: checking for ld used by gcc
configure:4881: result: /usr/bin/ld
configure:4888: checking if the linker (/usr/bin/ld) is GNU ld
configure:4903: result: yes
configure:4915: checking for BSD- or MS-compatible name lister (nm)
configure:4964: result: /usr/bin/nm -B
configure:5094: checking the name lister (/usr/bin/nm -B) interface
configure:5101: g++ -c -g -O2  conftest.cpp >&5
configure:5104: /usr/bin/nm -B "conftest.o"
configure:5107: output
0000000000000000 B some_variable
configure:5114: result: BSD nm
configure:5117: checking whether ln -s works
configure:5121: result: yes
configure:5129: checking the maximum length of command line arguments
configure:5260: result: 1572864
configure:5277: checking whether the shell understands some XSI constructs
configure:5287: result: yes
configure:5291: checking whether the shell understands "+="
configure:5297: result: yes
configure:5332: checking how to convert x86_64-unknown-linux-gnu file names to x86_64-unknown-linux-gnu format
configure:5372: result: func_convert_file_noop
configure:5379: checking how to convert x86_64-unknown-linux-gnu file names to toolchain format
configure:5399: result: func_convert_file_noop
configure:5406: checking for /usr/bin/ld option to reload object files
configure:5413: result: -r
configure:5487: checking for objdump
configure:5503: found /usr/bin/objdump
configure:5514: result: objdump
configure:5546: checking how to recognize dependent libraries
configure:5744: result: pass_all
configure:5829: checking for dlltool
configure:5859: result: no
configure:5889: checking how to associate runtime and link libraries
configure:5916: result: printf %s\n
configure:5977: checking for ar
configure:5993: found /usr/bin/ar
configure:6004: result: ar
configure:6041: checking for archiver @FILE support
configure:6058: g++ -c -g -O2  conftest.cpp >&5
configure:6058: $? = 0
configure:6061: ar cru libconftest.a @conftest.lst >&5
configure:6064: $? = 0
configure:6069: ar cru libconftest.a @conftest.lst >&5
ar: conftest.o: No such file or directory
configure:6072: $? = 1
configure:6084: result: @
configure:6142: checking for strip
configure:6158: found /usr/bin/strip
configure:6169: result: strip
configure:6241: checking for ranlib
configure:6257: found /usr/bin/ranlib
configure:6268: result: ranlib
configure:6370: checking command to parse /usr/bin/nm -B output from gcc object
configure:6490: g++ -c -g -O2  conftest.cpp >&5
configure:6493: $? = 0
configure:6497: /usr/bin/nm -B conftest.o \| sed -n -e 's/^.*[ ]\([ABCDGIRSTW][ABCDGIRSTW]*\)[ ][ ]*\([_A-Za-z][_A-Za-z0-9]*\)$/\1 \2 \2/p' | sed '/ __gnu_lto/d' \> conftest.nm
configure:6500: $? = 0
configure:6566: g++ -o conftest -g -O2   conftest.cpp conftstm.o >&5
configure:6569: $? = 0
configure:6607: result: ok
configure:6644: checking for sysroot
configure:6674: result: no
configure:6752: g++ -c -g -O2  conftest.cpp >&5
configure:6755: $? = 0
configure:6944: checking for mt
configure:6960: found /bin/mt
configure:6971: result: mt
configure:6994: checking if mt is a manifest tool
configure:7000: mt '-?'
configure:7008: result: no
configure:7650: checking how to run the C preprocessor
configure:7681: gcc -E  conftest.c
configure:7681: $? = 0
configure:7695: gcc -E  conftest.c
conftest.c:11:28: fatal error: ac_nonexistent.h: No such file or directory
 #include <ac_nonexistent.h>
                            ^
compilation terminated.
configure:7695: $? = 1
configure: failed program was:
| /* confdefs.h */
| #define PACKAGE_NAME ""
| #define PACKAGE_TARNAME ""
| #define PACKAGE_VERSION ""
| #define PACKAGE_STRING ""
| #define PACKAGE_BUGREPORT ""
| #define PACKAGE_URL ""
| #define PACKAGE "SampleApp"
| #define VERSION "0.1"
| /* end confdefs.h.  */
| #include <ac_nonexistent.h>
configure:7720: result: gcc -E
configure:7740: gcc -E  conftest.c
configure:7740: $? = 0
configure:7754: gcc -E  conftest.c
conftest.c:11:28: fatal error: ac_nonexistent.h: No such file or directory
 #include <ac_nonexistent.h>
                            ^
compilation terminated.
configure:7754: $? = 1
configure: failed program was:
| /* confdefs.h */
| #define PACKAGE_NAME ""
| #define PACKAGE_TARNAME ""
| #define PACKAGE_VERSION ""
| #define PACKAGE_STRING ""
| #define PACKAGE_BUGREPORT ""
| #define PACKAGE_URL ""
| #define PACKAGE "SampleApp"
| #define VERSION "0.1"
| /* end confdefs.h.  */
| #include <ac_nonexistent.h>
configure:7783: checking for ANSI C header files
configure:7803: gcc -c -g -O2  conftest.c >&5
configure:7803: $? = 0
configure:7876: gcc -o conftest -g -O2   conftest.c  >&5
configure:7876: $? = 0
configure:7876: ./conftest
configure:7876: $? = 0
configure:7887: result: yes
configure:7900: checking for sys/types.h
configure:7900: gcc -c -g -O2  conftest.c >&5
configure:7900: $? = 0
configure:7900: result: yes
configure:7900: checking for sys/stat.h
configure:7900: gcc -c -g -O2  conftest.c >&5
configure:7900: $? = 0
configure:7900: result: yes
configure:7900: checking for stdlib.h
configure:7900: gcc -c -g -O2  conftest.c >&5
configure:7900: $? = 0
configure:7900: result: yes
configure:7900: checking for string.h
configure:7900: gcc -c -g -O2  conftest.c >&5
configure:7900: $? = 0
configure:7900: result: yes
configure:7900: checking for memory.h
configure:7900: gcc -c -g -O2  conftest.c >&5
configure:7900: $? = 0
configure:7900: result: yes
configure:7900: checking for strings.h
configure:7900: gcc -c -g -O2  conftest.c >&5
configure:7900: $? = 0
configure:7900: result: yes
configure:7900: checking for inttypes.h
configure:7900: gcc -c -g -O2  conftest.c >&5
configure:7900: $? = 0
configure:7900: result: yes
configure:7900: checking for stdint.h
configure:7900: gcc -c -g -O2  conftest.c >&5
configure:7900: $? = 0
configure:7900: result: yes
configure:7900: checking for unistd.h
configure:7900: gcc -c -g -O2  conftest.c >&5
configure:7900: $? = 0
configure:7900: result: yes
configure:7914: checking for dlfcn.h
configure:7914: gcc -c -g -O2  conftest.c >&5
configure:7914: $? = 0
configure:7914: result: yes
configure:8130: checking for objdir
configure:8145: result: .libs
configure:8412: checking if gcc supports -fno-rtti -fno-exceptions
configure:8430: gcc -c -g -O2  -fno-rtti -fno-exceptions conftest.c >&5
cc1: warning: command line option '-fno-rtti' is valid for C++/ObjC++ but not for C [enabled by default]
configure:8434: $? = 0
configure:8447: result: no
configure:8774: checking for gcc option to produce PIC
configure:8781: result: -fPIC -DPIC
configure:8789: checking if gcc PIC flag -fPIC -DPIC works
configure:8807: gcc -c -g -O2  -fPIC -DPIC -DPIC conftest.c >&5
configure:8811: $? = 0
configure:8824: result: yes
configure:8853: checking if gcc static flag -static works
configure:8881: result: yes
configure:8896: checking if gcc supports -c -o file.o
configure:8917: gcc -c -g -O2  -o out/conftest2.o conftest.c >&5
configure:8921: $? = 0
configure:8943: result: yes
configure:8951: checking if gcc supports -c -o file.o
configure:8998: result: yes
configure:9031: checking whether the gcc linker (/usr/bin/ld -m elf_x86_64) supports shared libraries
configure:10188: result: yes
configure:10225: checking whether -lc should be explicitly linked in
configure:10233: gcc -c -g -O2  conftest.c >&5
configure:10236: $? = 0
configure:10251: gcc -shared  -fPIC -DPIC conftest.o  -v -Wl,-soname -Wl,conftest -o conftest 2\>\&1 \| /bin/grep  -lc  \>/dev/null 2\>\&1
configure:10254: $? = 0
configure:10268: result: no
configure:10428: checking dynamic linker characteristics
configure:10928: gcc -o conftest -g -O2   -Wl,-rpath -Wl,/foo conftest.c  >&5
configure:10928: $? = 0
configure:11162: result: GNU/Linux ld.so
configure:11269: checking how to hardcode library paths into programs
configure:11294: result: immediate
configure:11834: checking whether stripping libraries is possible
configure:11839: result: yes
configure:11874: checking if libtool supports shared libraries
configure:11876: result: yes
configure:11879: checking whether to build shared libraries
configure:11900: result: yes
configure:11903: checking whether to build static libraries
configure:11907: result: yes
configure:11930: checking how to run the C++ preprocessor
configure:11957: g++ -E  conftest.cpp
configure:11957: $? = 0
configure:11971: g++ -E  conftest.cpp
conftest.cpp:23:28: fatal error: ac_nonexistent.h: No such file or directory
 #include <ac_nonexistent.h>
                            ^
compilation terminated.
configure:11971: $? = 1
configure: failed program was:
| /* confdefs.h */
| #define PACKAGE_NAME ""
| #define PACKAGE_TARNAME ""
| #define PACKAGE_VERSION ""
| #define PACKAGE_STRING ""
| #define PACKAGE_BUGREPORT ""
| #define PACKAGE_URL ""
| #define PACKAGE "SampleApp"
| #define VERSION "0.1"
| #define STDC_HEADERS 1
| #define HAVE_SYS_TYPES_H 1
| #define HAVE_SYS_STAT_H 1
| #define HAVE_STDLIB_H 1
| #define HAVE_STRING_H 1
| #define HAVE_MEMORY_H 1
| #define HAVE_STRINGS_H 1
| #define HAVE_INTTYPES_H 1
| #define HAVE_STDINT_H 1
| #define HAVE_UNISTD_H 1
| #define HAVE_DLFCN_H 1
| #define LT_OBJDIR ".libs/"
| /* end confdefs.h.  */
| #include <ac_nonexistent.h>
configure:11996: result: g++ -E
configure:12016: g++ -E  conftest.cpp
configure:12016: $? = 0
configure:12030: g++ -E  conftest.cpp
conftest.cpp:23:28: fatal error: ac_nonexistent.h: No such file or directory
 #include <ac_nonexistent.h>
                            ^
compilation terminated.
configure:12030: $? = 1
configure: failed program was:
| /* confdefs.h */
| #define PACKAGE_NAME ""
| #define PACKAGE_TARNAME ""
| #define PACKAGE_VERSION ""
| #define PACKAGE_STRING ""
| #define PACKAGE_BUGREPORT ""
| #define PACKAGE_URL ""
| #define PACKAGE "SampleApp"
| #define VERSION "0.1"
| #define STDC_HEADERS 1
| #define HAVE_SYS_TYPES_H 1
| #define HAVE_SYS_STAT_H 1
| #define HAVE_STDLIB_H 1
| #define HAVE_STRING_H 1
| #define HAVE_MEMORY_H 1
| #define HAVE_STRINGS_H 1
| #define HAVE_INTTYPES_H 1
| #define HAVE_STDINT_H 1
| #define HAVE_UNISTD_H 1
| #define HAVE_DLFCN_H 1
| #define LT_OBJDIR ".libs/"
| /* end confdefs.h.  */
| #include <ac_nonexistent.h>
configure:12199: checking for ld used by g++
configure:12266: result: /usr/bin/ld -m elf_x86_64
configure:12273: checking if the linker (/usr/bin/ld -m elf_x86_64) is GNU ld
configure:12288: result: yes
configure:12343: checking whether the g++ linker (/usr/bin/ld -m elf_x86_64) supports shared libraries
configure:13345: result: yes
configure:13381: g++ -c -g -O2  conftest.cpp >&5
configure:13384: $? = 0
configure:13904: checking for g++ option to produce PIC
configure:13911: result: -fPIC -DPIC
configure:13919: checking if g++ PIC flag -fPIC -DPIC works
configure:13937: g++ -c -g -O2  -fPIC -DPIC -DPIC conftest.cpp >&5
configure:13941: $? = 0
configure:13954: result: yes
configure:13977: checking if g++ static flag -static works
configure:14005: result: yes
configure:14017: checking if g++ supports -c -o file.o
configure:14038: g++ -c -g -O2  -o out/conftest2.o conftest.cpp >&5
configure:14042: $? = 0
configure:14064: result: yes
configure:14069: checking if g++ supports -c -o file.o
configure:14116: result: yes
configure:14146: checking whether the g++ linker (/usr/bin/ld -m elf_x86_64) supports shared libraries
configure:14185: result: yes
configure:14326: checking dynamic linker characteristics
configure:14994: result: GNU/Linux ld.so
configure:15047: checking how to hardcode library paths into programs
configure:15072: result: immediate
configure:15188: checking for pkg-config
configure:15206: found /usr/bin/pkg-config
configure:15218: result: /usr/bin/pkg-config
configure:15243: checking pkg-config is at least version 0.9.0
configure:15246: result: yes
configure:15256: checking for OGRE
configure:15263: $PKG_CONFIG --exists --print-errors "OGRE >= 1.2"
configure:15266: $? = 0
configure:15280: $PKG_CONFIG --exists --print-errors "OGRE >= 1.2"
configure:15283: $? = 0
configure:15341: result: yes
configure:15350: checking for OIS
configure:15357: $PKG_CONFIG --exists --print-errors "OIS >= 1.0"
configure:15360: $? = 0
configure:15374: $PKG_CONFIG --exists --print-errors "OIS >= 1.0"
configure:15377: $? = 0
configure:15435: result: yes
configure:15444: checking for bullet
configure:15451: $PKG_CONFIG --exists --print-errors "bullet >= 2.79"
configure:15454: $? = 0
configure:15468: $PKG_CONFIG --exists --print-errors "bullet >= 2.79"
configure:15471: $? = 0
configure:15529: result: yes
configure:15538: checking for CEGUI
configure:15545: $PKG_CONFIG --exists --print-errors "CEGUI-0 >= 0.7"
configure:15548: $? = 0
configure:15562: $PKG_CONFIG --exists --print-errors "CEGUI-0 >= 0.7"
configure:15565: $? = 0
configure:15623: result: yes
configure:15632: checking for CEGUI_OGRE
configure:15639: $PKG_CONFIG --exists --print-errors "CEGUI-0-OGRE >= 0.7"
configure:15642: $? = 0
configure:15656: $PKG_CONFIG --exists --print-errors "CEGUI-0-OGRE >= 0.7"
configure:15659: $? = 0
configure:15717: result: yes
configure:15726: checking for sdl
configure:15733: $PKG_CONFIG --exists --print-errors "sdl >= 1.2"
configure:15736: $? = 0
configure:15750: $PKG_CONFIG --exists --print-errors "sdl >= 1.2"
configure:15753: $? = 0
configure:15811: result: yes
configure:15933: checking that generated files are newer than configure
configure:15939: result: done
configure:15966: creating ./config.status

## ---------------------- ##
## Running config.status. ##
## ---------------------- ##

This file was extended by config.status, which was
generated by GNU Autoconf 2.69.  Invocation command line was

  CONFIG_FILES    = 
  CONFIG_HEADERS  = 
  CONFIG_LINKS    = 
  CONFIG_COMMANDS = 
  $ ./config.status 

on pop-rocks

config.status:1162: creating Makefile
config.status:1162: creating config.h
config.status:1343: config.h is unchanged
config.status:1391: executing depfiles commands
config.status:1391: executing libtool commands

## ---------------- ##
## Cache variables. ##
## ---------------- ##

ac_cv_build=x86_64-unknown-linux-gnu
ac_cv_c_compiler_gnu=yes
ac_cv_cxx_compiler_gnu=yes
ac_cv_env_CCC_set=
ac_cv_env_CCC_value=
ac_cv_env_CC_set=
ac_cv_env_CC_value=
ac_cv_env_CEGUI_CFLAGS_set=
ac_cv_env_CEGUI_CFLAGS_value=
ac_cv_env_CEGUI_LIBS_set=
ac_cv_env_CEGUI_LIBS_value=
ac_cv_env_CEGUI_OGRE_CFLAGS_set=
ac_cv_env_CEGUI_OGRE_CFLAGS_value=
ac_cv_env_CEGUI_OGRE_LIBS_set=
ac_cv_env_CEGUI_OGRE_LIBS_value=
ac_cv_env_CFLAGS_set=
ac_cv_env_CFLAGS_value=
ac_cv_env_CPPFLAGS_set=
ac_cv_env_CPPFLAGS_value=
ac_cv_env_CPP_set=
ac_cv_env_CPP_value=
ac_cv_env_CXXCPP_set=
ac_cv_env_CXXCPP_value=
ac_cv_env_CXXFLAGS_set=
ac_cv_env_CXXFLAGS_value=
ac_cv_env_CXX_set=
ac_cv_env_CXX_value=
ac_cv_env_LDFLAGS_set=
ac_cv_env_LDFLAGS_value=
ac_cv_env_LIBS_set=
ac_cv_env_LIBS_value=
ac_cv_env_OGRE_CFLAGS_set=
ac_cv_env_OGRE_CFLAGS_value=
ac_cv_env_OGRE_LIBS_set=
ac_cv_env_OGRE_LIBS_value=
ac_cv_env_OIS_CFLAGS_set=
ac_cv_env_OIS_CFLAGS_value=
ac_cv_env_OIS_LIBS_set=
ac_cv_env_OIS_LIBS_value=
ac_cv_env_PKG_CONFIG_LIBDIR_set=
ac_cv_env_PKG_CONFIG_LIBDIR_value=
ac_cv_env_PKG_CONFIG_PATH_set=
ac_cv_env_PKG_CONFIG_PATH_value=
ac_cv_env_PKG_CONFIG_set=
ac_cv_env_PKG_CONFIG_value=
ac_cv_env_build_alias_set=
ac_cv_env_build_alias_value=
ac_cv_env_bullet_CFLAGS_set=
ac_cv_env_bullet_CFLAGS_value=
ac_cv_env_bullet_LIBS_set=
ac_cv_env_bullet_LIBS_value=
ac_cv_env_host_alias_set=
ac_cv_env_host_alias_value=
ac_cv_env_sdl_CFLAGS_set=
ac_cv_env_sdl_CFLAGS_value=
ac_cv_env_sdl_LIBS_set=
ac_cv_env_sdl_LIBS_value=
ac_cv_env_target_alias_set=
ac_cv_env_target_alias_value=
ac_cv_header_dlfcn_h=yes
ac_cv_header_inttypes_h=yes
ac_cv_header_memory_h=yes
ac_cv_header_stdc=yes
ac_cv_header_stdint_h=yes
ac_cv_header_stdlib_h=yes
ac_cv_header_string_h=yes
ac_cv_header_strings_h=yes
ac_cv_header_sys_stat_h=yes
ac_cv_header_sys_types_h=yes
ac_cv_header_unistd_h=yes
ac_cv_host=x86_64-unknown-linux-gnu
ac_cv_objext=o
ac_cv_path_EGREP='/bin/grep -E'
ac_cv_path_FGREP='/bin/grep -F'
ac_cv_path_GREP=/bin/grep
ac_cv_path_SED=/bin/sed
ac_cv_path_ac_pt_PKG_CONFIG=/usr/bin/pkg-config
ac_cv_path_install='/usr/bin/install -c'
ac_cv_path_mkdir=/bin/mkdir
ac_cv_prog_AWK=gawk
ac_cv_prog_CPP='gcc -E'
ac_cv_prog_CXXCPP='g++ -E'
ac_cv_prog_ac_ct_AR=ar
ac_cv_prog_ac_ct_CC=gcc
ac_cv_prog_ac_ct_CXX=g++
ac_cv_prog_ac_ct_MANIFEST_TOOL=mt
ac_cv_prog_ac_ct_OBJDUMP=objdump
ac_cv_prog_ac_ct_RANLIB=ranlib
ac_cv_prog_ac_ct_STRIP=strip
ac_cv_prog_cc_c89=
ac_cv_prog_cc_g=yes
ac_cv_prog_cxx_g=yes
ac_cv_prog_make_make_set=yes
am_cv_CC_dependencies_compiler_type=gcc3
am_cv_CXX_dependencies_compiler_type=gcc3
am_cv_make_support_nested_variables=yes
am_cv_prog_cc_c_o=yes
lt_cv_ar_at_file=@
lt_cv_archive_cmds_need_lc=no
lt_cv_deplibs_check_method=pass_all
lt_cv_file_magic_cmd='$MAGIC_CMD'
lt_cv_file_magic_test_file=
lt_cv_ld_reload_flag=-r
lt_cv_nm_interface='BSD nm'
lt_cv_objdir=.libs
lt_cv_path_LD=/usr/bin/ld
lt_cv_path_LDCXX='/usr/bin/ld -m elf_x86_64'
lt_cv_path_NM='/usr/bin/nm -B'
lt_cv_path_mainfest_tool=no
lt_cv_prog_compiler_c_o=yes
lt_cv_prog_compiler_c_o_CXX=yes
lt_cv_prog_compiler_pic='-fPIC -DPIC'
lt_cv_prog_compiler_pic_CXX='-fPIC -DPIC'
lt_cv_prog_compiler_pic_works=yes
lt_cv_prog_compiler_pic_works_CXX=yes
lt_cv_prog_compiler_rtti_exceptions=no
lt_cv_prog_compiler_static_works=yes
lt_cv_prog_compiler_static_works_CXX=yes
lt_cv_prog_gnu_ld=yes
lt_cv_prog_gnu_ldcxx=yes
lt_cv_sharedlib_from_linklib_cmd='printf %s\n'
lt_cv_shlibpath_overrides_runpath=no
lt_cv_sys_global_symbol_pipe='sed -n -e '\''s/^.*[	 ]\([ABCDGIRSTW][ABCDGIRSTW]*\)[	 ][	 ]*\([_A-Za-z][_A-Za-z0-9]*\)$/\1 \2 \2/p'\'' | sed '\''/ __gnu_lto/d'\'''
lt_cv_sys_global_symbol_to_c_name_address='sed -n -e '\''s/^: \([^ ]*\)[ ]*$/  {\"\1\", (void *) 0},/p'\'' -e '\''s/^[ABCDGIRSTW]* \([^ ]*\) \([^ ]*\)$/  {"\2", (void *) \&\2},/p'\'''
lt_cv_sys_global_symbol_to_c_name_address_lib_prefix='sed -n -e '\''s/^: \([^ ]*\)[ ]*$/  {\"\1\", (void *) 0},/p'\'' -e '\''s/^[ABCDGIRSTW]* \([^ ]*\) \(lib[^ ]*\)$/  {"\2", (void *) \&\2},/p'\'' -e '\''s/^[ABCDGIRSTW]* \([^ ]*\) \([^ ]*\)$/  {"lib\2", (void *) \&\2},/p'\'''
lt_cv_sys_global_symbol_to_cdecl='sed -n -e '\''s/^T .* \(.*\)$/extern int \1();/p'\'' -e '\''s/^[ABCDGIRSTW]* .* \(.*\)$/extern char \1;/p'\'''
lt_cv_sys_max_cmd_len=1572864
lt_cv_to_host_file_cmd=func_convert_file_noop
lt_cv_to_tool_file_cmd=func_convert_file_noop
pkg_cv_CEGUI_CFLAGS='-I/lusr/opt/cegui-0.8.4/include/cegui-0  '
pkg_cv_CEGUI_LIBS='-L/lusr/opt/cegui-0.8.4/lib -lCEGUIBase-0  '
pkg_cv_CEGUI_OGRE_CFLAGS='-pthread -I/lusr/opt/ogre-1.9/include -I/lusr/opt/ogre-1.9/include/OGRE -I/lusr/opt/cegui-0.8.4/include/cegui-0  '
pkg_cv_CEGUI_OGRE_LIBS='-L/lusr/opt/ogre-1.9/lib -L/lusr/opt/cegui-0.8.4/lib -lCEGUIOgreRenderer-0 -lOgreMain -lpthread -lCEGUIBase-0  '
pkg_cv_OGRE_CFLAGS='-pthread -I/lusr/opt/ogre-1.9/include -I/lusr/opt/ogre-1.9/include/OGRE  '
pkg_cv_OGRE_LIBS='-L/lusr/opt/ogre-1.9/lib -lOgreMain -lpthread  '
pkg_cv_OIS_CFLAGS='-I/usr/include/ois  '
pkg_cv_OIS_LIBS='-lOIS  '
pkg_cv_bullet_CFLAGS='-I/usr/include/bullet  '
pkg_cv_bullet_LIBS='-lBulletSoftBody -lBulletDynamics -lBulletCollision -lLinearMath  '
pkg_cv_sdl_CFLAGS='-D_GNU_SOURCE=1 -D_REENTRANT -I/usr/include/SDL  '
pkg_cv_sdl_LIBS='-lSDL  '

## ----------------- ##
## Output variables. ##
## ----------------- ##

ACLOCAL='${SHELL} /v/filer4b/v38q001/paulo/Documents/cs354R/Project1/appdirectory/missing aclocal-1.14'
AMDEPBACKSLASH='\'
AMDEP_FALSE='#'
AMDEP_TRUE=''
AMTAR='$${TAR-tar}'
AM_BACKSLASH='\'
AM_DEFAULT_V='$(AM_DEFAULT_VERBOSITY)'
AM_DEFAULT_VERBOSITY='1'
AM_V='$(V)'
AR='ar'
AUTOCONF='${SHELL} /v/filer4b/v38q001/paulo/Documents/cs354R/Project1/appdirectory/missing autoconf'
AUTOHEADER='${SHELL} /v/filer4b/v38q001/paulo/Documents/cs354R/Project1/appdirectory/missing autoheader'
AUTOMAKE='${SHELL} /v/filer4b/v38q001/paulo/Documents/cs354R/Project1/appdirectory/missing automake-1.14'
AWK='gawk'
BULLET_CFLAGS=''
BULLET_LIBS=''
CC='gcc'
CCDEPMODE='depmode=gcc3'
CEGUI_CFLAGS='-I/lusr/opt/cegui-0.8.4/include/cegui-0  '
CEGUI_LIBS='-L/lusr/opt/cegui-0.8.4/lib -lCEGUIBase-0  '
CEGUI_OGRE_CFLAGS='-pthread -I/lusr/opt/ogre-1.9/include -I/lusr/opt/ogre-1.9/include/OGRE -I/lusr/opt/cegui-0.8.4/include/cegui-0  '
CEGUI_OGRE_LIBS='-L/lusr/opt/ogre-1.9/lib -L/lusr/opt/cegui-0.8.4/lib -lCEGUIOgreRenderer-0 -lOgreMain -lpthread -lCEGUIBase-0  '
CFLAGS='-g -O2'
CPP='gcc -E'
CPPFLAGS=''
CXX='g++'
CXXCPP='g++ -E'
CXXDEPMODE='depmode=gcc3'
CXXFLAGS='-g -O2'
CYGPATH_W='echo'
DEFS='-DHAVE_CONFIG_H'
DEPDIR='.deps'
DLLTOOL='false'
DSYMUTIL=''
DUMPBIN=''
ECHO_C=''
ECHO_N='-n'
ECHO_T=''
EGREP='/bin/grep -E'
EXEEXT=''
FGREP='/bin/grep -F'
GREP='/bin/grep'
INSTALL_DATA='${INSTALL} -m 644'
INSTALL_PROGRAM='${INSTALL}'
INSTALL_SCRIPT='${INSTALL}'
INSTALL_STRIP_PROGRAM='$(install_sh) -c -s'
LD='/usr/bin/ld -m elf_x86_64'
LDFLAGS=''
LIBOBJS=''
LIBS=''
LIBTOOL='$(SHELL) $(top_builddir)/libtool'
LIPO=''
LN_S='ln -s'
LTLIBOBJS=''
MAKEINFO='${SHELL} /v/filer4b/v38q001/paulo/Documents/cs354R/Project1/appdirectory/missing makeinfo'
MANIFEST_TOOL=':'
MKDIR_P='/bin/mkdir -p'
NM='/usr/bin/nm -B'
NMEDIT=''
OBJDUMP='objdump'
OBJEXT='o'
OGRE_CFLAGS='-pthread -I/lusr/opt/ogre-1.9/include -I/lusr/opt/ogre-1.9/include/OGRE  '
OGRE_LIBS='-L/lusr/opt/ogre-1.9/lib -lOgreMain -lpthread  '
OIS_CFLAGS='-I/usr/include/ois  '
OIS_LIBS='-lOIS  '
OTOOL64=''
OTOOL=''
PACKAGE='SampleApp'
PACKAGE_BUGREPORT=''
PACKAGE_NAME=''
PACKAGE_STRING=''
PACKAGE_TARNAME=''
PACKAGE_URL=''
PACKAGE_VERSION=''
PATH_SEPARATOR=':'
PKG_CONFIG='/usr/bin/pkg-config'
PKG_CONFIG_LIBDIR=''
PKG_CONFIG_PATH=''
RANLIB='ranlib'
SDLMIXER_CFLAGS='-I/usr/include/SDL -D_GNU_SOURCE=1 -D_REENTRANT'
SDLMIXER_LIBS='-L/usr/lib/x86_64-linux-gnu -lSDL -lSDL_mixer'
SED='/bin/sed'
SET_MAKE=''
SHELL='/bin/bash'
STRIP='strip'
VERSION='0.1'
ac_ct_AR='ar'
ac_ct_CC='gcc'
ac_ct_CXX='g++'
ac_ct_DUMPBIN=''
am__EXEEXT_FALSE=''
am__EXEEXT_TRUE='#'
am__fastdepCC_FALSE='#'
am__fastdepCC_TRUE=''
am__fastdepCXX_FALSE='#'
am__fastdepCXX_TRUE=''
am__include='include'
am__isrc=''
am__leading_dot='.'
am__nodep='_no'
am__quote=''
am__tar='$${TAR-tar} chof - "$$tardir"'
am__untar='$${TAR-tar} xf -'
bindir='${exec_prefix}/bin'
build='x86_64-unknown-linux-gnu'
build_alias=''
build_cpu='x86_64'
build_os='linux-gnu'
build_vendor='unknown'
bullet_CFLAGS='-I/usr/include/bullet  '
bullet_LIBS='-lBulletSoftBody -lBulletDynamics -lBulletCollision -lLinearMath  '
datadir='${datarootdir}'
datarootdir='${prefix}/share'
docdir='${datarootdir}/doc/${PACKAGE}'
dvidir='${docdir}'
exec_prefix='${prefix}'
host='x86_64-unknown-linux-gnu'
host_alias=''
host_cpu='x86_64'
host_os='linux-gnu'
host_vendor='unknown'
htmldir='${docdir}'
includedir='${prefix}/include'
infodir='${datarootdir}/info'
install_sh='${SHELL} /v/filer4b/v38q001/paulo/Documents/cs354R/Project1/appdirectory/install-sh'
libdir='${exec_prefix}/lib'
libexecdir='${exec_prefix}/libexec'
localedir='${datarootdir}/locale'
localstatedir='${prefix}/var'
mandir='${datarootdir}/man'
mkdir_p='$(MKDIR_P)'
oldincludedir='/usr/include'
pdfdir='${docdir}'
prefix='/usr/local'
program_transform_name='s,x,x,'
psdir='${docdir}'
sbindir='${exec_prefix}/sbin'
sdl_CFLAGS='-D_GNU_SOURCE=1 -D_REENTRANT -I/usr/include/SDL  '
sdl_LIBS='-lSDL  '
sharedstatedir='${prefix}/com'
sysconfdir='${prefix}/etc'
target_alias=''

## ----------- ##
## confdefs.h. ##
## ----------- ##

/* confdefs.h */
#define PACKAGE_NAME ""
#define PACKAGE_TARNAME ""
#define PACKAGE_VERSION ""
#define PACKAGE_STRING ""
#define PACKAGE_BUGREPORT ""
#define PACKAGE_URL ""
#define PACKAGE "SampleApp"
#define VERSION "0.1"
#define STDC_HEADERS 1
#define HAVE_SYS_TYPES_H 1
#define HAVE_SYS_STAT_H 1
#define HAVE_STDLIB_H 1
#define HAVE_STRING_H 1
#define HAVE_MEMORY_H 1
#define HAVE_STRINGS_H 1
#define HAVE_INTTYPES_H 1
#define HAVE_STDINT_H 1
#define HAVE_UNISTD_H 1
#define HAVE_DLFCN_H 1
#define LT_OBJDIR ".libs/"

configure: exit 0
