14:09:35: Creating resource group General
14:09:35: Creating resource group Internal
14:09:35: Creating resource group Autodetect
14:09:35: SceneManagerFactory for type 'DefaultSceneManager' registered.
14:09:35: Registering ResourceManager for type Material
14:09:35: Registering ResourceManager for type Mesh
14:09:35: Registering ResourceManager for type Skeleton
14:09:35: MovableObjectFactory for type 'ParticleSystem' registered.
14:09:35: ArchiveFactory for archive type FileSystem registered.
14:09:35: ArchiveFactory for archive type Zip registered.
14:09:35: ArchiveFactory for archive type EmbeddedZip registered.
14:09:35: DDS codec registering
14:09:35: FreeImage version: 3.15.4
14:09:35: This program uses FreeImage, a free, open source image library supporting all common bitmap formats. See http://freeimage.sourceforge.net for details
14:09:35: Supported formats: bmp,ico,jpg,jif,jpeg,jpe,jng,koa,iff,lbm,mng,pbm,pbm,pcd,pcx,pgm,pgm,png,ppm,ppm,ras,tga,targa,tif,tiff,wap,wbmp,wbm,psd,cut,xbm,xpm,gif,hdr,g3,sgi,exr,j2k,j2c,jp2,pfm,pct,pict,pic,3fr,arw,bay,bmq,cap,cine,cr2,crw,cs1,dc2,dcr,drf,dsc,dng,erf,fff,ia,iiq,k25,kc2,kdc,mdc,mef,mos,mrw,nef,nrw,orf,pef,ptx,pxn,qtk,raf,raw,rdc,rw2,rwl,rwz,sr2,srf,srw,sti
14:09:35: Registering ResourceManager for type HighLevelGpuProgram
14:09:35: Registering ResourceManager for type Compositor
14:09:35: MovableObjectFactory for type 'Entity' registered.
14:09:35: MovableObjectFactory for type 'Light' registered.
14:09:35: MovableObjectFactory for type 'BillboardSet' registered.
14:09:35: MovableObjectFactory for type 'ManualObject' registered.
14:09:35: MovableObjectFactory for type 'BillboardChain' registered.
14:09:35: MovableObjectFactory for type 'RibbonTrail' registered.
14:09:35: Loading library /usr/lib/x86_64-linux-gnu/OGRE-1.9.0/RenderSystem_GL
14:09:35: Installing plugin: GL RenderSystem
14:09:35: OpenGL Rendering Subsystem created.
14:09:36: Plugin successfully installed
14:09:36: Loading library /usr/lib/x86_64-linux-gnu/OGRE-1.9.0/Plugin_ParticleFX
14:09:36: Installing plugin: ParticleFX
14:09:36: Particle Emitter Type 'Point' registered
14:09:36: Particle Emitter Type 'Box' registered
14:09:36: Particle Emitter Type 'Ellipsoid' registered
14:09:36: Particle Emitter Type 'Cylinder' registered
14:09:36: Particle Emitter Type 'Ring' registered
14:09:36: Particle Emitter Type 'HollowEllipsoid' registered
14:09:36: Particle Affector Type 'LinearForce' registered
14:09:36: Particle Affector Type 'ColourFader' registered
14:09:36: Particle Affector Type 'ColourFader2' registered
14:09:36: Particle Affector Type 'ColourImage' registered
14:09:36: Particle Affector Type 'ColourInterpolator' registered
14:09:36: Particle Affector Type 'Scaler' registered
14:09:36: Particle Affector Type 'Rotator' registered
14:09:36: Particle Affector Type 'DirectionRandomiser' registered
14:09:36: Particle Affector Type 'DeflectorPlane' registered
14:09:36: Plugin successfully installed
14:09:36: Loading library /usr/lib/x86_64-linux-gnu/OGRE-1.9.0/Plugin_BSPSceneManager
14:09:36: Installing plugin: BSP Scene Manager
14:09:36: Plugin successfully installed
14:09:36: Loading library /usr/lib/x86_64-linux-gnu/OGRE-1.9.0/Plugin_PCZSceneManager
14:09:36: Installing plugin: Portal Connected Zone Scene Manager
14:09:36: PCZone Factory Type 'ZoneType_Default' registered
14:09:36: Plugin successfully installed
14:09:36: Loading library /usr/lib/x86_64-linux-gnu/OGRE-1.9.0/Plugin_OctreeZone
14:09:36: Installing plugin: Octree Zone Factory
14:09:36: Plugin successfully installed
14:09:36: Loading library /usr/lib/x86_64-linux-gnu/OGRE-1.9.0/Plugin_OctreeSceneManager
14:09:36: Installing plugin: Octree Scene Manager
14:09:36: Plugin successfully installed
14:09:36: *-*-* OGRE Initialising
14:09:36: *-*-* Version 1.9.0 (Ghadamon)
14:09:36: Creating resource group Essential
14:09:36: Added resource location '/lusr/opt/ogre-1.9/share/OGRE/Media/thumbnails' of type 'FileSystem' to resource group 'Essential'
14:09:36: Added resource location '/lusr/opt/ogre-1.9/share/OGRE/Media/packs/SdkTrays.zip' of type 'Zip' to resource group 'Essential'
14:09:36: Added resource location '/lusr/opt/ogre-1.9/share/OGRE/Media/packs/profiler.zip' of type 'Zip' to resource group 'Essential'
14:09:36: Creating resource group Fonts
14:09:36: Added resource location '/lusr/opt/cegui-0.8.4/share/cegui-0/fonts' of type 'FileSystem' to resource group 'Fonts'
14:09:36: Added resource location '/lusr/opt/ogre-1.9/share/OGRE/Media' of type 'FileSystem' to resource group 'General'
14:09:36: Added resource location '/lusr/opt/cegui-0.8.4/share/cegui-0/xml_schemas' of type 'FileSystem' to resource group 'General'
14:09:36: Added resource location 'Media' of type 'FileSystem' to resource group 'General'
14:09:36: Added resource location 'Media/materials/textures' of type 'FileSystem' to resource group 'General'
14:09:36: Added resource location 'Media/materials/scripts' of type 'FileSystem' to resource group 'General'
14:09:36: Creating resource group Imagesets
14:09:36: Added resource location '/lusr/opt/cegui-0.8.4/share/cegui-0/imagesets' of type 'FileSystem' to resource group 'Imagesets'
14:09:36: Creating resource group Layouts
14:09:36: Added resource location '/lusr/opt/cegui-0.8.4/share/cegui-0/layouts' of type 'FileSystem' to resource group 'Layouts'
14:09:36: Creating resource group LookNFeel
14:09:36: Added resource location '/lusr/opt/cegui-0.8.4/share/cegui-0/looknfeel' of type 'FileSystem' to resource group 'LookNFeel'
14:09:36: Creating resource group Popular
14:09:36: Added resource location '/lusr/opt/ogre-1.9/share/OGRE/Media/fonts' of type 'FileSystem' to resource group 'Popular'
14:09:36: Added resource location '/lusr/opt/ogre-1.9/share/OGRE/Media/materials/programs/GLSL' of type 'FileSystem' to resource group 'Popular'
14:09:36: Added resource location '/lusr/opt/ogre-1.9/share/OGRE/Media/materials/scripts' of type 'FileSystem' to resource group 'Popular'
14:09:36: Added resource location '/lusr/opt/ogre-1.9/share/OGRE/Media/materials/textures' of type 'FileSystem' to resource group 'Popular'
14:09:36: Added resource location '/lusr/opt/ogre-1.9/share/OGRE/Media/materials/textures/nvidia' of type 'FileSystem' to resource group 'Popular'
14:09:36: Added resource location '/lusr/opt/ogre-1.9/share/OGRE/Media/models' of type 'FileSystem' to resource group 'Popular'
14:09:36: Added resource location '/lusr/opt/ogre-1.9/share/OGRE/Media/particle' of type 'FileSystem' to resource group 'Popular'
14:09:36: Added resource location '/lusr/opt/ogre-1.9/share/OGRE/Media/DeferredShadingMedia' of type 'FileSystem' to resource group 'Popular'
14:09:36: Added resource location '/lusr/opt/ogre-1.9/share/OGRE/Media/PCZAppMedia' of type 'FileSystem' to resource group 'Popular'
14:09:36: Added resource location '/lusr/opt/ogre-1.9/share/OGRE/Media/RTShaderLib' of type 'FileSystem' to resource group 'Popular'
14:09:36: Added resource location '/lusr/opt/ogre-1.9/share/OGRE/Media/RTShaderLib/materials' of type 'FileSystem' to resource group 'Popular'
14:09:36: Added resource location '/lusr/opt/ogre-1.9/share/OGRE/Media/materials/scripts/SSAO' of type 'FileSystem' to resource group 'Popular'
14:09:36: Added resource location '/lusr/opt/ogre-1.9/share/OGRE/Media/materials/textures/SSAO' of type 'FileSystem' to resource group 'Popular'
14:09:36: Added resource location '/lusr/opt/ogre-1.9/share/OGRE/Media/volumeTerrain' of type 'FileSystem' to resource group 'Popular'
14:09:36: Added resource location '/lusr/opt/ogre-1.9/share/OGRE/Media/packs/cubemap.zip' of type 'Zip' to resource group 'Popular'
14:09:36: Added resource location '/lusr/opt/ogre-1.9/share/OGRE/Media/packs/cubemapsJS.zip' of type 'Zip' to resource group 'Popular'
14:09:36: Added resource location '/lusr/opt/ogre-1.9/share/OGRE/Media/packs/dragon.zip' of type 'Zip' to resource group 'Popular'
14:09:36: Added resource location '/lusr/opt/ogre-1.9/share/OGRE/Media/packs/fresneldemo.zip' of type 'Zip' to resource group 'Popular'
14:09:36: Added resource location '/lusr/opt/ogre-1.9/share/OGRE/Media/packs/ogretestmap.zip' of type 'Zip' to resource group 'Popular'
14:09:36: Added resource location '/lusr/opt/ogre-1.9/share/OGRE/Media/packs/ogredance.zip' of type 'Zip' to resource group 'Popular'
14:09:36: Added resource location '/lusr/opt/ogre-1.9/share/OGRE/Media/packs/Sinbad.zip' of type 'Zip' to resource group 'Popular'
14:09:36: Added resource location '/lusr/opt/ogre-1.9/share/OGRE/Media/packs/skybox.zip' of type 'Zip' to resource group 'Popular'
14:09:36: Added resource location '/lusr/opt/ogre-1.9/share/OGRE/Media/volumeTerrain/volumeTerrainBig.zip' of type 'Zip' to resource group 'Popular'
14:09:36: Creating resource group Schemes
14:09:36: Added resource location '/lusr/opt/cegui-0.8.4/share/cegui-0/schemes' of type 'FileSystem' to resource group 'Schemes'
14:09:36: Creating resource group Tests
14:09:36: Added resource location '/lusr/opt/ogre-1.9/Tests/Media' of type 'FileSystem' to resource group 'Tests'
14:09:38: *-*-* OGRE Shutdown
14:09:38: Unregistering ResourceManager for type Compositor
14:09:38: Unregistering ResourceManager for type Skeleton
14:09:38: Unregistering ResourceManager for type Mesh
14:09:38: Unregistering ResourceManager for type HighLevelGpuProgram
14:09:38: Uninstalling plugin: Octree Scene Manager
14:09:38: Plugin successfully uninstalled
14:09:38: Unloading library /usr/lib/x86_64-linux-gnu/OGRE-1.9.0/Plugin_OctreeSceneManager
14:09:38: Uninstalling plugin: Octree Zone Factory
14:09:38: Plugin successfully uninstalled
14:09:38: Unloading library /usr/lib/x86_64-linux-gnu/OGRE-1.9.0/Plugin_OctreeZone
14:09:38: Uninstalling plugin: Portal Connected Zone Scene Manager
14:09:38: Plugin successfully uninstalled
14:09:38: Unloading library /usr/lib/x86_64-linux-gnu/OGRE-1.9.0/Plugin_PCZSceneManager
14:09:38: Uninstalling plugin: BSP Scene Manager
14:09:38: Plugin successfully uninstalled
14:09:38: Unloading library /usr/lib/x86_64-linux-gnu/OGRE-1.9.0/Plugin_BSPSceneManager
14:09:38: Uninstalling plugin: ParticleFX
14:09:38: Plugin successfully uninstalled
14:09:38: Unloading library /usr/lib/x86_64-linux-gnu/OGRE-1.9.0/Plugin_ParticleFX
14:09:38: Uninstalling plugin: GL RenderSystem
14:09:38: ******************************
*** Stopping GLX Subsystem ***
******************************
14:09:38: Plugin successfully uninstalled
14:09:38: Unloading library /usr/lib/x86_64-linux-gnu/OGRE-1.9.0/RenderSystem_GL
14:09:38: Unregistering ResourceManager for type Material
